<?xml version="1.0" encoding="UTF-8"?>
<!-- Generated by org.testng.reporters.JUnitReportReporter -->
<testsuite hostname="DESKTOP-NO62424" failures="0" tests="3" name="testcases.TC001_AccountRegistractionTest2" time="20.295" errors="0" timestamp="2024-09-22T22:07:17 IST" skipped="0">
  <testcase classname="testcases.TC001_AccountRegistractionTest2" name="TC001_AccountRegistrationTest" time="6.972"/>
  <testcase classname="testcases.TC001_AccountRegistractionTest2" name="TC001_AccountRegistrationTest" time="3.696"/>
  <testcase classname="testcases.TC001_AccountRegistractionTest2" name="TC001_AccountRegistrationTest" time="9.627"/>
</testsuite> <!-- testcases.TC001_AccountRegistractionTest2 -->
