<?xml version="1.0" encoding="UTF-8"?>
<!-- Generated by org.testng.reporters.JUnitReportReporter -->
<testsuite hostname="DESKTOP-NO62424" failures="0" tests="1" name="testcases.testDriverinstance" time="3.871" errors="0" timestamp="2024-09-23T01:07:47 IST" skipped="0">
  <testcase classname="testcases.testDriverinstance" name="test" time="3.871"/>
</testsuite> <!-- testcases.testDriverinstance -->
