<?xml version="1.0" encoding="UTF-8"?>
<!-- Generated by org.testng.reporters.JUnitReportReporter -->
<testsuite hostname="DESKTOP-NO62424" failures="0" tests="1" name="testBase.BaseClass3" time="10.102" errors="0" timestamp="2024-09-17T22:27:33 IST" skipped="0">
  <testcase classname="testBase.BaseClass3" name="TC001_AccountRegistrationTest" time="10.102"/>
</testsuite> <!-- testBase.BaseClass3 -->
