<?xml version="1.0" encoding="UTF-8"?>
<!-- Generated by org.testng.reporters.JUnitReportReporter -->
<testsuite hostname="DESKTOP-NO62424" failures="0" tests="1" name="testBase.BaseClass" time="0.026" errors="0" timestamp="2024-09-11T07:37:08 IST" skipped="0">
  <testcase classname="testBase.BaseClass" name="testmsg" time="0.026"/>
</testsuite> <!-- testBase.BaseClass -->
