<?xml version="1.0" encoding="UTF-8"?>
<!-- Generated by org.testng.reporters.JUnitReportReporter -->
<testsuite hostname="DESKTOP-NO62424" failures="0" tests="3" name="testcases.TC002_LoginTest" time="6.673" errors="0" timestamp="2024-09-25T00:42:47 IST" skipped="0">
  <testcase classname="testcases.TC002_LoginTest" name="verify_Login" time="2.179"/>
  <testcase classname="testcases.TC002_LoginTest" name="verify_Login" time="2.541"/>
  <testcase classname="testcases.TC002_LoginTest" name="verify_Login" time="1.953"/>
</testsuite> <!-- testcases.TC002_LoginTest -->
