<?xml version="1.0" encoding="UTF-8"?>
<!-- Generated by org.testng.reporters.JUnitReportReporter -->
<testsuite hostname="DESKTOP-NO62424" failures="0" tests="1" name="testcases.TC002_LoginTest" time="7.213" errors="0" timestamp="2024-09-26T22:44:31 IST" skipped="0">
  <testcase classname="testcases.TC002_LoginTest" name="verify_Login" time="7.213"/>
</testsuite> <!-- testcases.TC002_LoginTest -->
