<?xml version="1.0" encoding="UTF-8"?>
<!-- Generated by org.testng.reporters.JUnitReportReporter -->
<testsuite hostname="DESKTOP-NO62424" failures="0" tests="1" name="testcases.testDriver" time="0.026" errors="0" timestamp="2024-09-20T23:01:54 IST" skipped="0">
  <testcase classname="testcases.testDriver" name="Driver" time="0.026"/>
</testsuite> <!-- testcases.testDriver -->
