<?xml version="1.0" encoding="UTF-8"?>
<!-- Generated by org.testng.reporters.JUnitReportReporter -->
<testsuite hostname="DESKTOP-NO62424" failures="0" tests="1" name="testcases.SeleniumGridTest" time="6.678" errors="0" timestamp="2024-09-17T21:55:57 IST" skipped="0">
  <testcase classname="testcases.SeleniumGridTest" name="testGoogleSearch" time="6.678"/>
</testsuite> <!-- testcases.SeleniumGridTest -->
