<?xml version="1.0" encoding="UTF-8"?>
<!-- Generated by org.testng.reporters.JUnitReportReporter -->
<testsuite hostname="DESKTOP-NO62424" failures="0" tests="1" name="testBase.MasterBaseClass" time="0.025" errors="0" timestamp="2024-09-22T23:31:03 IST" skipped="0">
  <testcase classname="testBase.MasterBaseClass" name="TestMethod" time="0.025"/>
</testsuite> <!-- testBase.MasterBaseClass -->
