<?xml version="1.0" encoding="UTF-8"?>
<!-- Generated by org.testng.reporters.JUnitReportReporter -->
<testsuite hostname="DESKTOP-NO62424" failures="0" tests="1" name="pkg1.Test123" time="22.208" errors="0" timestamp="2024-09-11T07:20:45 IST" skipped="0">
  <testcase classname="pkg1.Test123" name="testmethod" time="22.208"/>
</testsuite> <!-- pkg1.Test123 -->
