<?xml version="1.0" encoding="UTF-8"?>
<!-- Generated by org.testng.reporters.JUnitReportReporter -->
<testsuite hostname="DESKTOP-NO62424" failures="0" tests="1" name="testBase.MasterBaseClass2" time="0.048" errors="0" timestamp="2024-09-20T20:00:50 IST" skipped="0">
  <testcase classname="testBase.MasterBaseClass2" name="test" time="0.048"/>
</testsuite> <!-- testBase.MasterBaseClass2 -->
