<?xml version="1.0" encoding="UTF-8"?>
<!-- Generated by org.testng.reporters.JUnitReportReporter -->
<testsuite hostname="DESKTOP-NO62424" failures="0" tests="1" name="testcases.TC002_LoginTest" time="3.727" errors="0" timestamp="2024-09-26T09:35:39 IST" skipped="0">
  <testcase classname="testcases.TC002_LoginTest" name="verify_Login" time="3.727"/>
</testsuite> <!-- testcases.TC002_LoginTest -->
